<?xml version="1.0" encoding="UTF-8" ?>
<testsuite failures="0" time="0.318" errors="0" skipped="0" tests="6" name="de.naeveke.c2g.mapping.MappingTest">
  <properties>
[...]
</properties>
  <testcase time="0.177" classname="de.naeveke.c2g.mapping.MappingTest" name="testLocation"/>
  <testcase time="0.045" classname="de.naeveke.c2g.mapping.MappingTest" name="testEDVehicle"/>
  <testcase time="0.002" classname="de.naeveke.c2g.mapping.MappingTest" name="testCEVehicle"/>
  <testcase time="0.033" classname="de.naeveke.c2g.mapping.MappingTest" name="testAreaIncluded"/>
  <testcase time="0.003" classname="de.naeveke.c2g.mapping.MappingTest" name="testAreaParking"/>
  <testcase time="0.003" classname="de.naeveke.c2g.mapping.MappingTest" name="testAreaExcluded"/>
</testsuite>